<?xml version="1.0" encoding="UTF-8"?>
<testng-results ignored="0" total="1" passed="1" failed="0" skipped="0">
  <reporter-output>
  </reporter-output>
  <suite started-at="2024-06-27T17:33:07 HOVT" name="Default suite" finished-at="2024-06-27T17:33:18 HOVT" duration-ms="10180">
    <groups>
    </groups>
    <test started-at="2024-06-27T17:33:07 HOVT" name="Default test" finished-at="2024-06-27T17:33:18 HOVT" duration-ms="10180">
      <class name="api.GenderizeTest">
        <test-method signature="TestCertainName()[pri:0, instance:api.GenderizeTest@229c6181]" started-at="2024-06-27T17:33:07 HOVT" name="TestCertainName" finished-at="2024-06-27T17:33:18 HOVT" duration-ms="10141" status="PASS">
          <reporter-output>
          </reporter-output>
        </test-method> <!-- TestCertainName -->
      </class> <!-- api.GenderizeTest -->
    </test> <!-- Default test -->
  </suite> <!-- Default suite -->
</testng-results>
